
> @marigold/theme-preset@1.1.5 build /Users/sebastian/Projects/marigold/packages/theme-preset
> tsup src/index.ts

CLI Building entry: src/index.ts
CLI Using tsconfig: tsconfig.build.json
CLI tsup v7.2.0
CLI Using tsup config: /Users/sebastian/Projects/marigold/packages/theme-preset/tsup.config.json
CLI Target: node16
CLI Cleaning output folder
ESM Build start
CJS Build start
CJS dist/index.js     3.39 KB
CJS dist/index.js.map 3.17 KB
CJS ⚡️ Build success in 16ms
ESM dist/index.mjs     1.69 KB
ESM dist/index.mjs.map 3.04 KB
ESM ⚡️ Build success in 17ms
DTS Build start
DTS ⚡️ Build success in 1104ms
DTS dist/index.d.mts 219.00 B
DTS dist/index.d.ts  219.00 B
