
> @marigold/theme-b2b@25.2.5 build /Users/sebastian/Projects/marigold/themes/theme-b2b
> NODE_ENV=production tsup && tailwindcss -o dist/styles.css

CLI Building entry: src/index.ts, src/preset.ts
CLI Using tsconfig: tsconfig.build.json
CLI tsup v7.2.0
CLI Using tsup config: /Users/sebastian/Projects/marigold/themes/theme-b2b/tsup.config.ts
CLI Target: node16
CLI Cleaning output folder
ESM Build start
CJS Build start
ESM dist/preset.mjs             649.00 B
ESM dist/index.mjs              19.11 KB
ESM dist/chunk-YOYN7FV6.mjs     4.25 KB
ESM dist/preset.mjs.map         1.07 KB
ESM dist/index.mjs.map          30.40 KB
ESM dist/chunk-YOYN7FV6.mjs.map 7.46 KB
ESM ⚡️ Build success in 21ms
CJS dist/preset.js     5.60 KB
CJS dist/index.js      25.59 KB
CJS dist/preset.js.map 8.50 KB
CJS dist/index.js.map  38.02 KB
CJS ⚡️ Build success in 21ms
DTS Build start
DTS ⚡️ Build success in 1660ms
DTS dist/index.d.mts  108.00 B
DTS dist/preset.d.mts 161.00 B
DTS dist/index.d.ts   108.00 B
DTS dist/preset.d.ts  161.00 B

Rebuilding...

Done in 755ms.
