
> @marigold/theme-core@25.2.5 build /Users/sebastian/Projects/marigold/themes/theme-core
> NODE_ENV=production tsup && tailwindcss -o dist/styles.css

CLI Building entry: src/index.ts, src/preset.ts
CLI Using tsconfig: tsconfig.build.json
CLI tsup v7.2.0
CLI Using tsup config: /Users/sebastian/Projects/marigold/themes/theme-core/tsup.config.ts
CLI Target: node16
CLI Cleaning output folder
ESM Build start
CJS Build start
CJS dist/index.js      21.58 KB
CJS dist/preset.js     4.39 KB
CJS dist/index.js.map  31.84 KB
CJS dist/preset.js.map 5.92 KB
CJS ⚡️ Build success in 19ms
ESM dist/index.mjs              16.49 KB
ESM dist/preset.mjs             834.00 B
ESM dist/chunk-YGIXVJQS.mjs     2.85 KB
ESM dist/index.mjs.map          27.06 KB
ESM dist/preset.mjs.map         1.35 KB
ESM dist/chunk-YGIXVJQS.mjs.map 4.61 KB
ESM ⚡️ Build success in 20ms
DTS Build start
DTS ⚡️ Build success in 1680ms
DTS dist/index.d.mts  108.00 B
DTS dist/preset.d.mts 161.00 B
DTS dist/index.d.ts   108.00 B
DTS dist/preset.d.ts  161.00 B

Rebuilding...

Done in 751ms.
